<?xml version="1.0" encoding="UTF-8"?>
<testng-results ignored="0" total="1" passed="1" failed="0" skipped="0">
  <reporter-output>
  </reporter-output>
  <suite started-at="2025-06-09T16:22:04 IST" name="Default suite" finished-at="2025-06-09T16:22:32 IST" duration-ms="28022">
    <groups>
    </groups>
    <test started-at="2025-06-09T16:22:04 IST" name="Default test" finished-at="2025-06-09T16:22:32 IST" duration-ms="28022">
      <class name="tests.ProductTest">
        <test-method is-config="true" signature="setUpReports()[pri:0, instance:tests.ProductTest@24aed80c]" started-at="2025-06-09T16:22:04 IST" name="setUpReports" finished-at="2025-06-09T16:22:04 IST" duration-ms="365" status="PASS">
          <reporter-output>
          </reporter-output>
        </test-method> <!-- setUpReports -->
        <test-method is-config="true" signature="setUp()[pri:0, instance:tests.ProductTest@24aed80c]" started-at="2025-06-09T16:22:04 IST" name="setUp" finished-at="2025-06-09T16:22:12 IST" duration-ms="7545" status="PASS">
          <reporter-output>
          </reporter-output>
        </test-method> <!-- setUp -->
        <test-method signature="testEcommerceFlow()[pri:0, instance:tests.ProductTest@24aed80c]" started-at="2025-06-09T16:22:12 IST" name="testEcommerceFlow" finished-at="2025-06-09T16:22:28 IST" duration-ms="15886" status="PASS">
          <reporter-output>
          </reporter-output>
        </test-method> <!-- testEcommerceFlow -->
        <test-method is-config="true" signature="tearDown()[pri:0, instance:tests.ProductTest@24aed80c]" started-at="2025-06-09T16:22:28 IST" name="tearDown" finished-at="2025-06-09T16:22:31 IST" duration-ms="3472" status="PASS">
          <reporter-output>
          </reporter-output>
        </test-method> <!-- tearDown -->
        <test-method is-config="true" signature="flushReports()[pri:0, instance:tests.ProductTest@24aed80c]" started-at="2025-06-09T16:22:31 IST" name="flushReports" finished-at="2025-06-09T16:22:32 IST" duration-ms="681" status="PASS">
          <reporter-output>
          </reporter-output>
        </test-method> <!-- flushReports -->
      </class> <!-- tests.ProductTest -->
    </test> <!-- Default test -->
  </suite> <!-- Default suite -->
</testng-results>
